2017-05-09 14:55:27,188 INFO[org.springframework.web.context.ContextLoader:272] - Root WebApplicationContext: initialization started
2017-05-09 14:55:27,300 INFO[org.springframework.web.context.support.XmlWebApplicationContext:513] - Refreshing Root WebApplicationContext: startup date [Tue May 09 14:55:27 CST 2017]; root of context hierarchy
2017-05-09 14:55:27,368 INFO[org.springframework.beans.factory.xml.XmlBeanDefinitionReader:316] - Loading XML bean definitions from class path resource [spring.xml]
2017-05-09 14:55:28,033 INFO[org.springframework.beans.factory.config.PropertyPlaceholderConfigurer:172] - Loading properties file from class path resource [jdbc.properties]
2017-05-09 14:55:28,056 INFO[org.springframework.beans.factory.annotation.AutowiredAnnotationBeanPostProcessor:141] - JSR-330 'javax.inject.Inject' annotation found and supported for autowiring
2017-05-09 14:55:28,613 INFO[com.mchange.v2.log.MLog:80] - MLog clients using log4j logging.
2017-05-09 14:55:28,646 INFO[com.mchange.v2.c3p0.C3P0Registry:204] - Initializing c3p0-0.9.1.2 [built 21-May-2007 15:04:56; debug? true; trace: 10]
2017-05-09 14:55:29,078 INFO[com.mchange.v2.c3p0.impl.AbstractPoolBackedDataSource:462] - Initializing c3p0 pool... com.mchange.v2.c3p0.ComboPooledDataSource [ acquireIncrement -> 2, acquireRetryAttempts -> 30, acquireRetryDelay -> 1000, autoCommitOnClose -> false, automaticTestTable -> null, breakAfterAcquireFailure -> false, checkoutTimeout -> 0, connectionCustomizerClassName -> null, connectionTesterClassName -> com.mchange.v2.c3p0.impl.DefaultConnectionTester, dataSourceName -> 1hgeeiq9n1th91mjtqlw5r|4b158eb7, debugUnreturnedConnectionStackTraces -> false, description -> null, driverClass -> com.mysql.jdbc.Driver, factoryClassLocation -> null, forceIgnoreUnresolvedTransactions -> false, identityToken -> 1hgeeiq9n1th91mjtqlw5r|4b158eb7, idleConnectionTestPeriod -> 0, initialPoolSize -> 3, jdbcUrl -> jdbc:mysql://127.0.0.1:3306/wechat?useUnicode=true&characterEncoding=UTF-8, maxAdministrativeTaskTime -> 0, maxConnectionAge -> 0, maxIdleTime -> 0, maxIdleTimeExcessConnections -> 0, maxPoolSize -> 20, maxStatements -> 0, maxStatementsPerConnection -> 0, minPoolSize -> 5, numHelperThreads -> 3, numThreadsAwaitingCheckoutDefaultUser -> 0, preferredTestQuery -> null, properties -> {user=******, password=******}, propertyCycle -> 0, testConnectionOnCheckin -> false, testConnectionOnCheckout -> false, unreturnedConnectionTimeout -> 0, usesTraditionalReflectiveProxies -> false ]
2017-05-09 14:55:30,065 INFO[org.springframework.web.context.ContextLoader:312] - Root WebApplicationContext: initialization completed in 2871 ms
2017-05-09 14:55:30,099 INFO[org.springframework.web.servlet.DispatcherServlet:461] - FrameworkServlet 'springMVC': initialization started
2017-05-09 14:55:30,102 INFO[org.springframework.web.context.support.XmlWebApplicationContext:513] - Refreshing WebApplicationContext for namespace 'springMVC-servlet': startup date [Tue May 09 14:55:30 CST 2017]; parent: Root WebApplicationContext
2017-05-09 14:55:30,105 INFO[org.springframework.beans.factory.xml.XmlBeanDefinitionReader:316] - Loading XML bean definitions from class path resource [spring-mvc.xml]
2017-05-09 14:55:30,291 INFO[org.springframework.beans.factory.config.PropertyPlaceholderConfigurer:172] - Loading properties file from class path resource [site-master.properties]
2017-05-09 14:55:30,294 INFO[org.springframework.beans.factory.annotation.AutowiredAnnotationBeanPostProcessor:141] - JSR-330 'javax.inject.Inject' annotation found and supported for autowiring
2017-05-09 14:55:30,378 INFO[org.springframework.web.servlet.mvc.method.annotation.RequestMappingHandlerMapping:181] - Mapped "{[/wechat],methods=[],params=[],headers=[],consumes=[],produces=[],custom=[]}" onto public java.lang.String com.spicy.wechat.admin.controller.AdminController.getList(org.springframework.ui.ModelMap)
2017-05-09 14:55:30,380 INFO[org.springframework.web.servlet.mvc.method.annotation.RequestMappingHandlerMapping:181] - Mapped "{[/test],methods=[],params=[],headers=[],consumes=[],produces=[],custom=[]}" onto public java.lang.String com.spicy.wechat.admin.controller.AdminController.getList(javax.servlet.http.HttpServletRequest,javax.servlet.http.HttpServletResponse)
2017-05-09 14:55:30,397 INFO[org.springframework.web.servlet.mvc.method.annotation.RequestMappingHandlerMapping:181] - Mapped "{[/wechat/index],methods=[GET],params=[],headers=[],consumes=[],produces=[],custom=[]}" onto public void com.spicy.wechat.weixin.controller.WechatController.doGet(javax.servlet.http.HttpServletRequest,javax.servlet.http.HttpServletResponse) throws java.io.IOException
2017-05-09 14:55:30,398 INFO[org.springframework.web.servlet.mvc.method.annotation.RequestMappingHandlerMapping:181] - Mapped "{[/wechat/index],methods=[POST],params=[],headers=[],consumes=[],produces=[],custom=[]}" onto public void com.spicy.wechat.weixin.controller.WechatController.doPost(javax.servlet.http.HttpServletRequest,javax.servlet.http.HttpServletResponse) throws java.lang.Exception
2017-05-09 14:55:30,399 INFO[org.springframework.web.servlet.mvc.method.annotation.RequestMappingHandlerMapping:181] - Mapped "{[/wechat/createMenu],methods=[GET],params=[],headers=[],consumes=[],produces=[],custom=[]}" onto public void com.spicy.wechat.weixin.controller.WechatController.createMenu() throws org.apache.http.ParseException,java.io.IOException
2017-05-09 14:55:30,399 INFO[org.springframework.web.servlet.mvc.method.annotation.RequestMappingHandlerMapping:181] - Mapped "{[/wechat/oauth],methods=[GET],params=[],headers=[],consumes=[],produces=[],custom=[]}" onto public java.lang.String com.spicy.wechat.weixin.controller.WechatController.oauth(javax.servlet.http.HttpServletRequest,org.springframework.ui.ModelMap) throws org.apache.http.ParseException,java.io.IOException
2017-05-09 14:55:30,400 INFO[org.springframework.web.servlet.mvc.method.annotation.RequestMappingHandlerMapping:181] - Mapped "{[/wechat/sdk],methods=[GET],params=[],headers=[],consumes=[],produces=[],custom=[]}" onto public java.lang.String com.spicy.wechat.weixin.controller.WechatController.sdk(javax.servlet.http.HttpServletRequest,org.springframework.ui.ModelMap) throws org.apache.http.ParseException,java.io.IOException
2017-05-09 14:55:31,530 INFO[org.springframework.web.servlet.DispatcherServlet:480] - FrameworkServlet 'springMVC': initialization completed in 1430 ms
2017-05-09 14:59:13,824 WARN[org.springframework.web.servlet.PageNotFound:1118] - No mapping found for HTTP request with URI [/] in DispatcherServlet with name 'springMVC'
2017-05-09 14:59:14,005 WARN[org.springframework.web.servlet.PageNotFound:1118] - No mapping found for HTTP request with URI [/favicon.ico] in DispatcherServlet with name 'springMVC'
2017-05-09 15:04:21,850 INFO[org.springframework.web.context.ContextLoader:272] - Root WebApplicationContext: initialization started
2017-05-09 15:04:21,962 INFO[org.springframework.web.context.support.XmlWebApplicationContext:513] - Refreshing Root WebApplicationContext: startup date [Tue May 09 15:04:21 CST 2017]; root of context hierarchy
2017-05-09 15:04:22,018 INFO[org.springframework.beans.factory.xml.XmlBeanDefinitionReader:316] - Loading XML bean definitions from class path resource [spring.xml]
2017-05-09 15:04:22,506 INFO[org.springframework.beans.factory.config.PropertyPlaceholderConfigurer:172] - Loading properties file from class path resource [jdbc.properties]
2017-05-09 15:04:22,512 INFO[org.springframework.beans.factory.annotation.AutowiredAnnotationBeanPostProcessor:141] - JSR-330 'javax.inject.Inject' annotation found and supported for autowiring
2017-05-09 15:04:22,899 INFO[com.mchange.v2.log.MLog:80] - MLog clients using log4j logging.
2017-05-09 15:04:22,935 INFO[com.mchange.v2.c3p0.C3P0Registry:204] - Initializing c3p0-0.9.1.2 [built 21-May-2007 15:04:56; debug? true; trace: 10]
2017-05-09 15:04:23,314 INFO[com.mchange.v2.c3p0.impl.AbstractPoolBackedDataSource:462] - Initializing c3p0 pool... com.mchange.v2.c3p0.ComboPooledDataSource [ acquireIncrement -> 2, acquireRetryAttempts -> 30, acquireRetryDelay -> 1000, autoCommitOnClose -> false, automaticTestTable -> null, breakAfterAcquireFailure -> false, checkoutTimeout -> 0, connectionCustomizerClassName -> null, connectionTesterClassName -> com.mchange.v2.c3p0.impl.DefaultConnectionTester, dataSourceName -> 1hgeeiq9n1thkhvukd1pxn|10adf429, debugUnreturnedConnectionStackTraces -> false, description -> null, driverClass -> com.mysql.jdbc.Driver, factoryClassLocation -> null, forceIgnoreUnresolvedTransactions -> false, identityToken -> 1hgeeiq9n1thkhvukd1pxn|10adf429, idleConnectionTestPeriod -> 0, initialPoolSize -> 3, jdbcUrl -> jdbc:mysql://127.0.0.1:3306/wechat?useUnicode=true&characterEncoding=UTF-8, maxAdministrativeTaskTime -> 0, maxConnectionAge -> 0, maxIdleTime -> 0, maxIdleTimeExcessConnections -> 0, maxPoolSize -> 20, maxStatements -> 0, maxStatementsPerConnection -> 0, minPoolSize -> 5, numHelperThreads -> 3, numThreadsAwaitingCheckoutDefaultUser -> 0, preferredTestQuery -> null, properties -> {user=******, password=******}, propertyCycle -> 0, testConnectionOnCheckin -> false, testConnectionOnCheckout -> false, unreturnedConnectionTimeout -> 0, usesTraditionalReflectiveProxies -> false ]
2017-05-09 15:04:23,820 INFO[org.springframework.web.context.ContextLoader:312] - Root WebApplicationContext: initialization completed in 1963 ms
2017-05-09 15:04:23,880 INFO[org.springframework.web.servlet.DispatcherServlet:461] - FrameworkServlet 'springMVC': initialization started
2017-05-09 15:04:23,884 INFO[org.springframework.web.context.support.XmlWebApplicationContext:513] - Refreshing WebApplicationContext for namespace 'springMVC-servlet': startup date [Tue May 09 15:04:23 CST 2017]; parent: Root WebApplicationContext
2017-05-09 15:04:23,887 INFO[org.springframework.beans.factory.xml.XmlBeanDefinitionReader:316] - Loading XML bean definitions from class path resource [spring-mvc.xml]
2017-05-09 15:04:24,104 INFO[org.springframework.beans.factory.config.PropertyPlaceholderConfigurer:172] - Loading properties file from class path resource [site-master.properties]
2017-05-09 15:04:24,107 INFO[org.springframework.beans.factory.annotation.AutowiredAnnotationBeanPostProcessor:141] - JSR-330 'javax.inject.Inject' annotation found and supported for autowiring
2017-05-09 15:04:24,241 INFO[org.springframework.web.servlet.mvc.method.annotation.RequestMappingHandlerMapping:181] - Mapped "{[/wechat],methods=[],params=[],headers=[],consumes=[],produces=[],custom=[]}" onto public java.lang.String com.spicy.wechat.admin.controller.AdminController.getList(org.springframework.ui.ModelMap)
2017-05-09 15:04:24,242 INFO[org.springframework.web.servlet.mvc.method.annotation.RequestMappingHandlerMapping:181] - Mapped "{[/test],methods=[],params=[],headers=[],consumes=[],produces=[],custom=[]}" onto public java.lang.String com.spicy.wechat.admin.controller.AdminController.getList(javax.servlet.http.HttpServletRequest,javax.servlet.http.HttpServletResponse)
2017-05-09 15:04:24,247 INFO[org.springframework.web.servlet.mvc.method.annotation.RequestMappingHandlerMapping:181] - Mapped "{[/wechat/index],methods=[POST],params=[],headers=[],consumes=[],produces=[],custom=[]}" onto public void com.spicy.wechat.weixin.controller.WechatController.doPost(javax.servlet.http.HttpServletRequest,javax.servlet.http.HttpServletResponse) throws java.lang.Exception
2017-05-09 15:04:24,248 INFO[org.springframework.web.servlet.mvc.method.annotation.RequestMappingHandlerMapping:181] - Mapped "{[/wechat/index],methods=[GET],params=[],headers=[],consumes=[],produces=[],custom=[]}" onto public void com.spicy.wechat.weixin.controller.WechatController.doGet(javax.servlet.http.HttpServletRequest,javax.servlet.http.HttpServletResponse) throws java.io.IOException
2017-05-09 15:04:24,248 INFO[org.springframework.web.servlet.mvc.method.annotation.RequestMappingHandlerMapping:181] - Mapped "{[/wechat/sdk],methods=[GET],params=[],headers=[],consumes=[],produces=[],custom=[]}" onto public java.lang.String com.spicy.wechat.weixin.controller.WechatController.sdk(javax.servlet.http.HttpServletRequest,org.springframework.ui.ModelMap) throws org.apache.http.ParseException,java.io.IOException
2017-05-09 15:04:24,249 INFO[org.springframework.web.servlet.mvc.method.annotation.RequestMappingHandlerMapping:181] - Mapped "{[/wechat/oauth],methods=[GET],params=[],headers=[],consumes=[],produces=[],custom=[]}" onto public java.lang.String com.spicy.wechat.weixin.controller.WechatController.oauth(javax.servlet.http.HttpServletRequest,org.springframework.ui.ModelMap) throws org.apache.http.ParseException,java.io.IOException
2017-05-09 15:04:24,249 INFO[org.springframework.web.servlet.mvc.method.annotation.RequestMappingHandlerMapping:181] - Mapped "{[/wechat/createMenu],methods=[GET],params=[],headers=[],consumes=[],produces=[],custom=[]}" onto public void com.spicy.wechat.weixin.controller.WechatController.createMenu() throws org.apache.http.ParseException,java.io.IOException
2017-05-09 15:04:25,406 INFO[org.springframework.web.servlet.DispatcherServlet:480] - FrameworkServlet 'springMVC': initialization completed in 1525 ms
2017-05-09 16:59:12,903 INFO[org.springframework.web.context.ContextLoader:272] - Root WebApplicationContext: initialization started
2017-05-09 16:59:13,072 INFO[org.springframework.web.context.support.XmlWebApplicationContext:513] - Refreshing Root WebApplicationContext: startup date [Tue May 09 16:59:13 CST 2017]; root of context hierarchy
2017-05-09 16:59:13,134 INFO[org.springframework.beans.factory.xml.XmlBeanDefinitionReader:316] - Loading XML bean definitions from class path resource [spring.xml]
2017-05-09 16:59:21,105 INFO[org.springframework.beans.factory.config.PropertyPlaceholderConfigurer:172] - Loading properties file from class path resource [jdbc.properties]
2017-05-09 16:59:21,142 INFO[org.springframework.beans.factory.annotation.AutowiredAnnotationBeanPostProcessor:141] - JSR-330 'javax.inject.Inject' annotation found and supported for autowiring
2017-05-09 16:59:22,088 INFO[com.mchange.v2.log.MLog:80] - MLog clients using log4j logging.
2017-05-09 16:59:22,133 INFO[com.mchange.v2.c3p0.C3P0Registry:204] - Initializing c3p0-0.9.1.2 [built 21-May-2007 15:04:56; debug? true; trace: 10]
2017-05-09 16:59:23,310 INFO[com.mchange.v2.c3p0.impl.AbstractPoolBackedDataSource:462] - Initializing c3p0 pool... com.mchange.v2.c3p0.ComboPooledDataSource [ acquireIncrement -> 2, acquireRetryAttempts -> 30, acquireRetryDelay -> 1000, autoCommitOnClose -> false, automaticTestTable -> null, breakAfterAcquireFailure -> false, checkoutTimeout -> 0, connectionCustomizerClassName -> null, connectionTesterClassName -> com.mchange.v2.c3p0.impl.DefaultConnectionTester, dataSourceName -> 1hgeeiq9n1tlodc47u13re|58999a8c, debugUnreturnedConnectionStackTraces -> false, description -> null, driverClass -> com.mysql.jdbc.Driver, factoryClassLocation -> null, forceIgnoreUnresolvedTransactions -> false, identityToken -> 1hgeeiq9n1tlodc47u13re|58999a8c, idleConnectionTestPeriod -> 0, initialPoolSize -> 3, jdbcUrl -> jdbc:mysql://127.0.0.1:3306/wechat?useUnicode=true&characterEncoding=UTF-8, maxAdministrativeTaskTime -> 0, maxConnectionAge -> 0, maxIdleTime -> 0, maxIdleTimeExcessConnections -> 0, maxPoolSize -> 20, maxStatements -> 0, maxStatementsPerConnection -> 0, minPoolSize -> 5, numHelperThreads -> 3, numThreadsAwaitingCheckoutDefaultUser -> 0, preferredTestQuery -> null, properties -> {user=******, password=******}, propertyCycle -> 0, testConnectionOnCheckin -> false, testConnectionOnCheckout -> false, unreturnedConnectionTimeout -> 0, usesTraditionalReflectiveProxies -> false ]
2017-05-09 16:59:25,003 INFO[org.springframework.web.context.ContextLoader:312] - Root WebApplicationContext: initialization completed in 12082 ms
2017-05-09 16:59:25,069 INFO[org.springframework.web.servlet.DispatcherServlet:461] - FrameworkServlet 'springMVC': initialization started
2017-05-09 16:59:25,072 INFO[org.springframework.web.context.support.XmlWebApplicationContext:513] - Refreshing WebApplicationContext for namespace 'springMVC-servlet': startup date [Tue May 09 16:59:25 CST 2017]; parent: Root WebApplicationContext
2017-05-09 16:59:25,074 INFO[org.springframework.beans.factory.xml.XmlBeanDefinitionReader:316] - Loading XML bean definitions from class path resource [spring-mvc.xml]
2017-05-09 16:59:25,380 INFO[org.springframework.beans.factory.config.PropertyPlaceholderConfigurer:172] - Loading properties file from class path resource [site-master.properties]
2017-05-09 16:59:25,401 INFO[org.springframework.beans.factory.annotation.AutowiredAnnotationBeanPostProcessor:141] - JSR-330 'javax.inject.Inject' annotation found and supported for autowiring
2017-05-09 16:59:25,643 INFO[org.springframework.web.servlet.mvc.method.annotation.RequestMappingHandlerMapping:181] - Mapped "{[/wechat],methods=[],params=[],headers=[],consumes=[],produces=[],custom=[]}" onto public java.lang.String com.spicy.wechat.admin.controller.AdminController.getList(org.springframework.ui.ModelMap)
2017-05-09 16:59:25,644 INFO[org.springframework.web.servlet.mvc.method.annotation.RequestMappingHandlerMapping:181] - Mapped "{[/test],methods=[],params=[],headers=[],consumes=[],produces=[],custom=[]}" onto public java.lang.String com.spicy.wechat.admin.controller.AdminController.getList(javax.servlet.http.HttpServletRequest,javax.servlet.http.HttpServletResponse)
2017-05-09 16:59:25,730 INFO[org.springframework.web.servlet.mvc.method.annotation.RequestMappingHandlerMapping:181] - Mapped "{[/wechat/index],methods=[GET],params=[],headers=[],consumes=[],produces=[],custom=[]}" onto public void com.spicy.wechat.weixin.controller.WechatController.doGet(javax.servlet.http.HttpServletRequest,javax.servlet.http.HttpServletResponse) throws java.io.IOException
2017-05-09 16:59:25,732 INFO[org.springframework.web.servlet.mvc.method.annotation.RequestMappingHandlerMapping:181] - Mapped "{[/wechat/index],methods=[POST],params=[],headers=[],consumes=[],produces=[],custom=[]}" onto public void com.spicy.wechat.weixin.controller.WechatController.doPost(javax.servlet.http.HttpServletRequest,javax.servlet.http.HttpServletResponse) throws java.lang.Exception
2017-05-09 16:59:25,732 INFO[org.springframework.web.servlet.mvc.method.annotation.RequestMappingHandlerMapping:181] - Mapped "{[/wechat/createMenu],methods=[GET],params=[],headers=[],consumes=[],produces=[],custom=[]}" onto public void com.spicy.wechat.weixin.controller.WechatController.createMenu() throws org.apache.http.ParseException,java.io.IOException
2017-05-09 16:59:25,733 INFO[org.springframework.web.servlet.mvc.method.annotation.RequestMappingHandlerMapping:181] - Mapped "{[/wechat/oauth],methods=[GET],params=[],headers=[],consumes=[],produces=[],custom=[]}" onto public java.lang.String com.spicy.wechat.weixin.controller.WechatController.oauth(javax.servlet.http.HttpServletRequest,org.springframework.ui.ModelMap) throws org.apache.http.ParseException,java.io.IOException
2017-05-09 16:59:25,733 INFO[org.springframework.web.servlet.mvc.method.annotation.RequestMappingHandlerMapping:181] - Mapped "{[/wechat/sdk],methods=[GET],params=[],headers=[],consumes=[],produces=[],custom=[]}" onto public java.lang.String com.spicy.wechat.weixin.controller.WechatController.sdk(javax.servlet.http.HttpServletRequest,org.springframework.ui.ModelMap) throws org.apache.http.ParseException,java.io.IOException
2017-05-09 16:59:27,788 INFO[org.springframework.web.servlet.DispatcherServlet:480] - FrameworkServlet 'springMVC': initialization completed in 2719 ms
2017-05-09 17:10:09,244 INFO[org.springframework.web.context.ContextLoader:272] - Root WebApplicationContext: initialization started
2017-05-09 17:10:09,472 INFO[org.springframework.web.context.support.XmlWebApplicationContext:513] - Refreshing Root WebApplicationContext: startup date [Tue May 09 17:10:09 CST 2017]; root of context hierarchy
2017-05-09 17:10:09,560 INFO[org.springframework.beans.factory.xml.XmlBeanDefinitionReader:316] - Loading XML bean definitions from class path resource [spring.xml]
2017-05-09 17:10:10,572 INFO[org.springframework.beans.factory.config.PropertyPlaceholderConfigurer:172] - Loading properties file from class path resource [jdbc.properties]
2017-05-09 17:10:10,595 INFO[org.springframework.beans.factory.annotation.AutowiredAnnotationBeanPostProcessor:141] - JSR-330 'javax.inject.Inject' annotation found and supported for autowiring
2017-05-09 17:10:11,205 INFO[com.mchange.v2.log.MLog:80] - MLog clients using log4j logging.
2017-05-09 17:10:11,299 INFO[com.mchange.v2.c3p0.C3P0Registry:204] - Initializing c3p0-0.9.1.2 [built 21-May-2007 15:04:56; debug? true; trace: 10]
2017-05-09 17:10:11,961 INFO[com.mchange.v2.c3p0.impl.AbstractPoolBackedDataSource:462] - Initializing c3p0 pool... com.mchange.v2.c3p0.ComboPooledDataSource [ acquireIncrement -> 2, acquireRetryAttempts -> 30, acquireRetryDelay -> 1000, autoCommitOnClose -> false, automaticTestTable -> null, breakAfterAcquireFailure -> false, checkoutTimeout -> 0, connectionCustomizerClassName -> null, connectionTesterClassName -> com.mchange.v2.c3p0.impl.DefaultConnectionTester, dataSourceName -> 1hgeeiq9n1tm2a7zf2z2uz|6cc70fe5, debugUnreturnedConnectionStackTraces -> false, description -> null, driverClass -> com.mysql.jdbc.Driver, factoryClassLocation -> null, forceIgnoreUnresolvedTransactions -> false, identityToken -> 1hgeeiq9n1tm2a7zf2z2uz|6cc70fe5, idleConnectionTestPeriod -> 0, initialPoolSize -> 3, jdbcUrl -> jdbc:mysql://127.0.0.1:3306/wechat?useUnicode=true&characterEncoding=UTF-8, maxAdministrativeTaskTime -> 0, maxConnectionAge -> 0, maxIdleTime -> 0, maxIdleTimeExcessConnections -> 0, maxPoolSize -> 20, maxStatements -> 0, maxStatementsPerConnection -> 0, minPoolSize -> 5, numHelperThreads -> 3, numThreadsAwaitingCheckoutDefaultUser -> 0, preferredTestQuery -> null, properties -> {user=******, password=******}, propertyCycle -> 0, testConnectionOnCheckin -> false, testConnectionOnCheckout -> false, unreturnedConnectionTimeout -> 0, usesTraditionalReflectiveProxies -> false ]
2017-05-09 17:10:13,158 INFO[org.springframework.web.context.ContextLoader:312] - Root WebApplicationContext: initialization completed in 3896 ms
2017-05-09 17:10:13,215 INFO[org.springframework.web.servlet.DispatcherServlet:461] - FrameworkServlet 'springMVC': initialization started
2017-05-09 17:10:13,218 INFO[org.springframework.web.context.support.XmlWebApplicationContext:513] - Refreshing WebApplicationContext for namespace 'springMVC-servlet': startup date [Tue May 09 17:10:13 CST 2017]; parent: Root WebApplicationContext
2017-05-09 17:10:13,221 INFO[org.springframework.beans.factory.xml.XmlBeanDefinitionReader:316] - Loading XML bean definitions from class path resource [spring-mvc.xml]
2017-05-09 17:10:13,630 INFO[org.springframework.beans.factory.config.PropertyPlaceholderConfigurer:172] - Loading properties file from class path resource [site-master.properties]
2017-05-09 17:10:13,633 INFO[org.springframework.beans.factory.annotation.AutowiredAnnotationBeanPostProcessor:141] - JSR-330 'javax.inject.Inject' annotation found and supported for autowiring
2017-05-09 17:10:14,050 INFO[org.springframework.web.servlet.mvc.method.annotation.RequestMappingHandlerMapping:181] - Mapped "{[/wechat],methods=[],params=[],headers=[],consumes=[],produces=[],custom=[]}" onto public java.lang.String com.spicy.wechat.admin.controller.AdminController.getList(org.springframework.ui.ModelMap)
2017-05-09 17:10:14,050 INFO[org.springframework.web.servlet.mvc.method.annotation.RequestMappingHandlerMapping:181] - Mapped "{[/test],methods=[],params=[],headers=[],consumes=[],produces=[],custom=[]}" onto public java.lang.String com.spicy.wechat.admin.controller.AdminController.getList(javax.servlet.http.HttpServletRequest,javax.servlet.http.HttpServletResponse)
2017-05-09 17:10:14,077 INFO[org.springframework.web.servlet.mvc.method.annotation.RequestMappingHandlerMapping:181] - Mapped "{[/wechat/createMenu],methods=[GET],params=[],headers=[],consumes=[],produces=[],custom=[]}" onto public void com.spicy.wechat.weixin.controller.WechatController.createMenu() throws org.apache.http.ParseException,java.io.IOException
2017-05-09 17:10:14,077 INFO[org.springframework.web.servlet.mvc.method.annotation.RequestMappingHandlerMapping:181] - Mapped "{[/wechat/oauth],methods=[GET],params=[],headers=[],consumes=[],produces=[],custom=[]}" onto public java.lang.String com.spicy.wechat.weixin.controller.WechatController.oauth(javax.servlet.http.HttpServletRequest,org.springframework.ui.ModelMap) throws org.apache.http.ParseException,java.io.IOException
2017-05-09 17:10:14,078 INFO[org.springframework.web.servlet.mvc.method.annotation.RequestMappingHandlerMapping:181] - Mapped "{[/wechat/sdk],methods=[GET],params=[],headers=[],consumes=[],produces=[],custom=[]}" onto public java.lang.String com.spicy.wechat.weixin.controller.WechatController.sdk(javax.servlet.http.HttpServletRequest,org.springframework.ui.ModelMap) throws org.apache.http.ParseException,java.io.IOException
2017-05-09 17:10:14,078 INFO[org.springframework.web.servlet.mvc.method.annotation.RequestMappingHandlerMapping:181] - Mapped "{[/wechat/index],methods=[POST],params=[],headers=[],consumes=[],produces=[],custom=[]}" onto public void com.spicy.wechat.weixin.controller.WechatController.doPost(javax.servlet.http.HttpServletRequest,javax.servlet.http.HttpServletResponse) throws java.lang.Exception
2017-05-09 17:10:14,079 INFO[org.springframework.web.servlet.mvc.method.annotation.RequestMappingHandlerMapping:181] - Mapped "{[/wechat/index],methods=[GET],params=[],headers=[],consumes=[],produces=[],custom=[]}" onto public void com.spicy.wechat.weixin.controller.WechatController.doGet(javax.servlet.http.HttpServletRequest,javax.servlet.http.HttpServletResponse) throws java.io.IOException
2017-05-09 17:10:15,525 INFO[org.springframework.web.servlet.DispatcherServlet:480] - FrameworkServlet 'springMVC': initialization completed in 2310 ms
2017-05-09 17:55:57,539 INFO[org.springframework.web.context.ContextLoader:272] - Root WebApplicationContext: initialization started
2017-05-09 17:55:57,702 INFO[org.springframework.web.context.support.XmlWebApplicationContext:513] - Refreshing Root WebApplicationContext: startup date [Tue May 09 17:55:57 CST 2017]; root of context hierarchy
2017-05-09 17:55:57,885 INFO[org.springframework.beans.factory.xml.XmlBeanDefinitionReader:316] - Loading XML bean definitions from class path resource [spring.xml]
2017-05-09 17:56:00,025 INFO[org.springframework.beans.factory.config.PropertyPlaceholderConfigurer:172] - Loading properties file from class path resource [jdbc.properties]
2017-05-09 17:56:00,057 INFO[org.springframework.beans.factory.annotation.AutowiredAnnotationBeanPostProcessor:141] - JSR-330 'javax.inject.Inject' annotation found and supported for autowiring
2017-05-09 17:56:00,699 INFO[com.mchange.v2.log.MLog:80] - MLog clients using log4j logging.
2017-05-09 17:56:00,770 INFO[com.mchange.v2.c3p0.C3P0Registry:204] - Initializing c3p0-0.9.1.2 [built 21-May-2007 15:04:56; debug? true; trace: 10]
2017-05-09 17:56:01,802 INFO[com.mchange.v2.c3p0.impl.AbstractPoolBackedDataSource:462] - Initializing c3p0 pool... com.mchange.v2.c3p0.ComboPooledDataSource [ acquireIncrement -> 2, acquireRetryAttempts -> 30, acquireRetryDelay -> 1000, autoCommitOnClose -> false, automaticTestTable -> null, breakAfterAcquireFailure -> false, checkoutTimeout -> 0, connectionCustomizerClassName -> null, connectionTesterClassName -> com.mchange.v2.c3p0.impl.DefaultConnectionTester, dataSourceName -> 1hgeeiq9n1tnp7pygm2jhj|61134ea8, debugUnreturnedConnectionStackTraces -> false, description -> null, driverClass -> com.mysql.jdbc.Driver, factoryClassLocation -> null, forceIgnoreUnresolvedTransactions -> false, identityToken -> 1hgeeiq9n1tnp7pygm2jhj|61134ea8, idleConnectionTestPeriod -> 0, initialPoolSize -> 3, jdbcUrl -> jdbc:mysql://127.0.0.1:3306/wechat?useUnicode=true&characterEncoding=UTF-8, maxAdministrativeTaskTime -> 0, maxConnectionAge -> 0, maxIdleTime -> 0, maxIdleTimeExcessConnections -> 0, maxPoolSize -> 20, maxStatements -> 0, maxStatementsPerConnection -> 0, minPoolSize -> 5, numHelperThreads -> 3, numThreadsAwaitingCheckoutDefaultUser -> 0, preferredTestQuery -> null, properties -> {user=******, password=******}, propertyCycle -> 0, testConnectionOnCheckin -> false, testConnectionOnCheckout -> false, unreturnedConnectionTimeout -> 0, usesTraditionalReflectiveProxies -> false ]
2017-05-09 17:56:02,753 INFO[org.springframework.web.context.ContextLoader:312] - Root WebApplicationContext: initialization completed in 5200 ms
2017-05-09 17:56:02,813 INFO[org.springframework.web.servlet.DispatcherServlet:461] - FrameworkServlet 'springMVC': initialization started
2017-05-09 17:56:02,816 INFO[org.springframework.web.context.support.XmlWebApplicationContext:513] - Refreshing WebApplicationContext for namespace 'springMVC-servlet': startup date [Tue May 09 17:56:02 CST 2017]; parent: Root WebApplicationContext
2017-05-09 17:56:02,819 INFO[org.springframework.beans.factory.xml.XmlBeanDefinitionReader:316] - Loading XML bean definitions from class path resource [spring-mvc.xml]
2017-05-09 17:56:03,024 INFO[org.springframework.beans.factory.config.PropertyPlaceholderConfigurer:172] - Loading properties file from class path resource [site-master.properties]
2017-05-09 17:56:03,028 INFO[org.springframework.beans.factory.annotation.AutowiredAnnotationBeanPostProcessor:141] - JSR-330 'javax.inject.Inject' annotation found and supported for autowiring
2017-05-09 17:56:03,202 INFO[org.springframework.web.servlet.mvc.method.annotation.RequestMappingHandlerMapping:181] - Mapped "{[/wechat],methods=[],params=[],headers=[],consumes=[],produces=[],custom=[]}" onto public java.lang.String com.spicy.wechat.admin.controller.AdminController.getList(org.springframework.ui.ModelMap)
2017-05-09 17:56:03,202 INFO[org.springframework.web.servlet.mvc.method.annotation.RequestMappingHandlerMapping:181] - Mapped "{[/test],methods=[],params=[],headers=[],consumes=[],produces=[],custom=[]}" onto public java.lang.String com.spicy.wechat.admin.controller.AdminController.getList(javax.servlet.http.HttpServletRequest,javax.servlet.http.HttpServletResponse)
2017-05-09 17:56:03,209 INFO[org.springframework.web.servlet.mvc.method.annotation.RequestMappingHandlerMapping:181] - Mapped "{[/wechat/index],methods=[GET],params=[],headers=[],consumes=[],produces=[],custom=[]}" onto public void com.spicy.wechat.weixin.controller.WechatController.doGet(javax.servlet.http.HttpServletRequest,javax.servlet.http.HttpServletResponse) throws java.io.IOException
2017-05-09 17:56:03,209 INFO[org.springframework.web.servlet.mvc.method.annotation.RequestMappingHandlerMapping:181] - Mapped "{[/wechat/index],methods=[POST],params=[],headers=[],consumes=[],produces=[],custom=[]}" onto public void com.spicy.wechat.weixin.controller.WechatController.doPost(javax.servlet.http.HttpServletRequest,javax.servlet.http.HttpServletResponse) throws java.lang.Exception
2017-05-09 17:56:03,210 INFO[org.springframework.web.servlet.mvc.method.annotation.RequestMappingHandlerMapping:181] - Mapped "{[/wechat/oauth],methods=[GET],params=[],headers=[],consumes=[],produces=[],custom=[]}" onto public java.lang.String com.spicy.wechat.weixin.controller.WechatController.oauth(javax.servlet.http.HttpServletRequest,org.springframework.ui.ModelMap) throws org.apache.http.ParseException,java.io.IOException
2017-05-09 17:56:03,210 INFO[org.springframework.web.servlet.mvc.method.annotation.RequestMappingHandlerMapping:181] - Mapped "{[/wechat/createMenu],methods=[GET],params=[],headers=[],consumes=[],produces=[],custom=[]}" onto public void com.spicy.wechat.weixin.controller.WechatController.createMenu() throws org.apache.http.ParseException,java.io.IOException
2017-05-09 17:56:03,211 INFO[org.springframework.web.servlet.mvc.method.annotation.RequestMappingHandlerMapping:181] - Mapped "{[/wechat/sdk],methods=[GET],params=[],headers=[],consumes=[],produces=[],custom=[]}" onto public java.lang.String com.spicy.wechat.weixin.controller.WechatController.sdk(javax.servlet.http.HttpServletRequest,org.springframework.ui.ModelMap) throws org.apache.http.ParseException,java.io.IOException
2017-05-09 17:56:04,881 INFO[org.springframework.web.servlet.DispatcherServlet:480] - FrameworkServlet 'springMVC': initialization completed in 2068 ms
